Thu Oct 27 18:41:33 KST 2016: Driver 검색 완료
Thu Oct 27 18:41:33 KST 2016 : Connection 객체생성 완료
Thu Oct 27 18:41:33 KST 2016 : Statement 객체생성 성공
Thu Oct 27 18:41:33 KST 2016 : PreaparedStatement 객체생성 성공
Thu Oct 27 18:41:33 KST 2016 : Connection 객체 해체 성공
Thu Oct 27 18:41:43 KST 2016: Driver 검색 완료
Thu Oct 27 18:41:44 KST 2016 : Connection 객체생성 완료
Thu Oct 27 18:41:44 KST 2016 : Statement 객체생성 성공
Thu Oct 27 18:41:44 KST 2016 : PreaparedStatement 객체생성 성공
Thu Oct 27 18:41:44 KST 2016 : Connection 객체 해체 성공
Thu Oct 27 18:45:29 KST 2016: Driver 검색 완료
Thu Oct 27 18:45:29 KST 2016 : Connection 객체생성 완료
Thu Oct 27 18:45:29 KST 2016 : Statement 객체생성 성공
Thu Oct 27 18:45:29 KST 2016 : PreaparedStatement 객체생성 성공
Thu Oct 27 18:45:29 KST 2016 : Connection 객체 해체 성공
Thu Oct 27 18:45:41 KST 2016: Driver 검색 완료
Thu Oct 27 18:45:41 KST 2016 : Connection 객체생성 완료
Thu Oct 27 18:45:41 KST 2016 : Statement 객체생성 성공
Thu Oct 27 18:45:41 KST 2016 : PreaparedStatement 객체생성 성공
Thu Oct 27 18:45:41 KST 2016 : Connection 객체 해체 성공
Thu Oct 27 18:46:04 KST 2016: Driver 검색 완료
Thu Oct 27 18:46:05 KST 2016 : Connection 객체생성 완료
Thu Oct 27 18:46:05 KST 2016 : Statement 객체생성 성공
Thu Oct 27 18:46:05 KST 2016 : PreaparedStatement 객체생성 성공
Thu Oct 27 18:46:05 KST 2016 : Connection 객체 해체 성공
Thu Oct 27 18:46:10 KST 2016: Driver 검색 완료
Thu Oct 27 18:46:10 KST 2016 : Connection 객체생성 완료
Thu Oct 27 18:46:10 KST 2016 : Statement 객체생성 성공
Thu Oct 27 18:46:10 KST 2016 : PreaparedStatement 객체생성 성공
Thu Oct 27 18:46:10 KST 2016 : Connection 객체 해체 성공
